2026-07-07 17:16:24 startup archives install
2026-07-07 17:18:42 startup archives install
2026-07-07 17:28:29 startup archives install
2026-07-07 17:34:28 startup archives install
2026-07-07 17:36:10 startup archives install
2026-07-07 17:37:10 startup archives install
2026-07-07 17:38:12 startup archives install
2026-07-07 17:38:35 startup archives install
2026-07-07 17:45:37 startup archives install
2026-07-07 17:48:47 startup archives install
2026-07-07 17:48:47 install fastfetch:amd64 <none> 2.62.1+dfsg-1
2026-07-07 17:48:47 status half-installed fastfetch:amd64 2.62.1+dfsg-1
2026-07-07 17:48:49 status unpacked fastfetch:amd64 2.62.1+dfsg-1
2026-07-07 19:42:38 startup archives install
2026-07-07 19:42:38 upgrade fastfetch:amd64 2.62.1+dfsg-1 2.62.1+dfsg-1
2026-07-07 19:42:38 status half-installed fastfetch:amd64 2.62.1+dfsg-1
2026-07-07 19:42:41 status unpacked fastfetch:amd64 2.62.1+dfsg-1
2026-07-08 15:47:01 startup archives install
2026-07-08 15:47:01 upgrade fastfetch:amd64 2.62.1+dfsg-1 2.40.4+dfsg-1
2026-07-08 15:47:01 status half-installed fastfetch:amd64 2.62.1+dfsg-1
2026-07-08 15:47:03 status unpacked fastfetch:amd64 2.40.4+dfsg-1
2026-07-08 15:49:34 startup archives install
2026-07-08 15:49:34 install libc6:amd64 <none> 2.41-12+deb13u3
2026-07-08 15:49:34 status half-installed libc6:amd64 2.41-12+deb13u3
2026-07-08 15:49:34 status not-installed libc6:amd64 <none>
2026-07-08 15:57:31 startup archives install
2026-07-08 16:00:45 startup archives install
2026-07-08 16:00:54 startup archives install
2026-07-08 16:01:16 startup archives install
2026-07-08 16:01:21 startup archives install
2026-07-09 15:54:43 startup archives install
2026-07-09 15:54:44 upgrade fastfetch:amd64 2.40.4+dfsg-1 2.40.4+dfsg-1
2026-07-09 15:54:44 status half-installed fastfetch:amd64 2.40.4+dfsg-1
2026-07-09 15:54:46 status unpacked fastfetch:amd64 2.40.4+dfsg-1
2026-07-09 15:59:10 startup archives install
2026-07-09 15:59:10 upgrade fastfetch:amd64 2.40.4+dfsg-1 2.40.4+dfsg-1
2026-07-09 15:59:10 status half-installed fastfetch:amd64 2.40.4+dfsg-1
2026-07-09 15:59:12 status unpacked fastfetch:amd64 2.40.4+dfsg-1
2026-07-09 16:09:57 startup archives install
2026-07-09 16:09:58 install gcc-14-base:amd64 <none> 14.2.0-19
2026-07-09 16:09:58 status half-installed gcc-14-base:amd64 14.2.0-19
2026-07-09 16:09:58 status unpacked gcc-14-base:amd64 14.2.0-19
2026-07-09 16:09:58 configure gcc-14-base:amd64 14.2.0-19 14.2.0-19
2026-07-09 16:09:58 status half-configured gcc-14-base:amd64 14.2.0-19
2026-07-09 16:09:58 status installed gcc-14-base:amd64 14.2.0-19
2026-07-09 16:13:19 startup packages remove
2026-07-09 16:13:19 status unpacked fastfetch:amd64 2.40.4+dfsg-1
2026-07-09 16:13:19 remove fastfetch:amd64 2.40.4+dfsg-1 <none>
2026-07-09 16:13:19 status half-installed fastfetch:amd64 2.40.4+dfsg-1
2026-07-09 16:13:20 status config-files fastfetch:amd64 2.40.4+dfsg-1
2026-07-09 16:13:20 status not-installed fastfetch:amd64 <none>
2026-07-09 16:16:08 startup packages remove
2026-07-09 16:16:09 startup packages remove
2026-07-09 16:16:09 startup packages remove
2026-07-09 16:16:09 status installed gcc-14-base:amd64 14.2.0-19
2026-07-09 16:16:09 remove gcc-14-base:amd64 14.2.0-19 <none>
2026-07-09 16:16:09 status half-configured gcc-14-base:amd64 14.2.0-19
2026-07-09 16:16:09 status half-installed gcc-14-base:amd64 14.2.0-19
2026-07-09 16:16:09 status config-files gcc-14-base:amd64 14.2.0-19
2026-07-09 16:16:09 status not-installed gcc-14-base:amd64 <none>
2026-07-09 16:16:09 startup packages remove
2026-07-09 16:16:20 startup archives install
2026-07-09 16:16:21 install gcc-14-base:amd64 <none> 14.2.0-19
2026-07-09 16:16:21 status half-installed gcc-14-base:amd64 14.2.0-19
2026-07-09 16:16:21 status unpacked gcc-14-base:amd64 14.2.0-19
2026-07-09 16:16:21 configure gcc-14-base:amd64 14.2.0-19 14.2.0-19
2026-07-09 16:16:21 status half-configured gcc-14-base:amd64 14.2.0-19
2026-07-09 16:16:21 status installed gcc-14-base:amd64 14.2.0-19
2026-07-09 16:16:28 startup archives install
2026-07-09 16:16:28 install libc6:amd64 <none> 2.41-12+deb13u3
2026-07-09 16:16:28 status half-installed libc6:amd64 2.41-12+deb13u3
2026-07-09 16:16:28 status not-installed libc6:amd64 <none>
2026-07-09 16:18:22 startup archives install
2026-07-09 16:18:23 install libnumber-compare-perl:all <none> 0.03-3
2026-07-09 16:18:23 status half-installed libnumber-compare-perl:all 0.03-3
2026-07-09 16:18:23 status unpacked libnumber-compare-perl:all 0.03-3
2026-07-09 16:18:24 configure libnumber-compare-perl:all 0.03-3 0.03-3
2026-07-09 16:18:24 status half-configured libnumber-compare-perl:all 0.03-3
2026-07-09 16:18:24 status installed libnumber-compare-perl:all 0.03-3
2026-07-09 16:18:36 startup archives install
2026-07-09 16:18:37 install libtext-glob-perl:all <none> 0.11-3
2026-07-09 16:18:37 status half-installed libtext-glob-perl:all 0.11-3
2026-07-09 16:18:37 status unpacked libtext-glob-perl:all 0.11-3
2026-07-09 16:18:37 configure libtext-glob-perl:all 0.11-3 0.11-3
2026-07-09 16:18:37 status half-configured libtext-glob-perl:all 0.11-3
2026-07-09 16:18:37 status installed libtext-glob-perl:all 0.11-3
2026-07-09 16:44:14 startup packages remove
2026-07-09 16:44:14 startup packages remove
2026-07-09 16:44:14 startup packages remove
2026-07-09 16:44:14 status installed gcc-14-base:amd64 14.2.0-19
2026-07-09 16:44:14 remove gcc-14-base:amd64 14.2.0-19 <none>
2026-07-09 16:44:14 status half-configured gcc-14-base:amd64 14.2.0-19
2026-07-09 16:44:14 status half-installed gcc-14-base:amd64 14.2.0-19
2026-07-09 16:44:15 status config-files gcc-14-base:amd64 14.2.0-19
2026-07-09 16:44:15 status not-installed gcc-14-base:amd64 <none>
2026-07-09 16:44:15 startup packages remove
2026-07-09 16:44:24 startup packages remove
2026-07-09 16:44:36 startup archives install
2026-07-09 16:44:36 install gcc-14-base:amd64 <none> 14.2.0-19
2026-07-09 16:44:36 status half-installed gcc-14-base:amd64 14.2.0-19
2026-07-09 16:44:36 status unpacked gcc-14-base:amd64 14.2.0-19
2026-07-09 16:44:36 configure gcc-14-base:amd64 14.2.0-19 14.2.0-19
2026-07-09 16:44:36 status half-configured gcc-14-base:amd64 14.2.0-19
2026-07-09 16:44:36 status installed gcc-14-base:amd64 14.2.0-19
2026-07-09 16:44:43 startup archives install
2026-07-09 16:44:44 install libc6:amd64 <none> 2.41-12+deb13u3
2026-07-09 16:44:44 status half-installed libc6:amd64 2.41-12+deb13u3
2026-07-09 16:44:44 status not-installed libc6:amd64 <none>
